app/build/intermediates/manifest_merge_blame_file/debug/manifest-merger-blame-debug-report.txt
1<?xml version="1.0" encoding="utf-8"?>
2<manifest xmlns:android="http://schemas.android.com/apk/res/android"
3    package="com.lanling.activity"
4    android:versionCode="1"
5    android:versionName="1.0" >
6
7    <uses-sdk
8        android:minSdkVersion="21"
8-->src\main\AndroidManifest.xml
9        android:targetSdkVersion="29" />
9-->src\main\AndroidManifest.xml
10
11    <uses-permission android:name="android.permission.READ_EXTERNAL_STORAGE" />
11-->src\main\AndroidManifest.xml:6:5-80
11-->src\main\AndroidManifest.xml:6:22-77
12    <uses-permission android:name="android.permission.ACCESS_NETWORK_STATE" />
12-->src\main\AndroidManifest.xml:7:5-79
12-->src\main\AndroidManifest.xml:7:22-76
13    <uses-permission android:name="android.permission.INTERNET" />
13-->src\main\AndroidManifest.xml:8:5-67
13-->src\main\AndroidManifest.xml:8:22-64
14    <uses-permission android:name="android.permission.READ_PHONE_STATE" />
14-->src\main\AndroidManifest.xml:9:5-75
14-->src\main\AndroidManifest.xml:9:22-72
15    <uses-permission android:name="com.android.launcher.permission.READ_SETTINGS" />
15-->src\main\AndroidManifest.xml:10:5-85
15-->src\main\AndroidManifest.xml:10:22-82
16    <uses-permission android:name="android.permission.ACCESS_WIFI_STATE" />
16-->src\main\AndroidManifest.xml:11:5-76
16-->src\main\AndroidManifest.xml:11:22-73
17    <uses-permission android:name="android.permission.CHANGE_WIFI_STATE" />
17-->src\main\AndroidManifest.xml:12:5-76
17-->src\main\AndroidManifest.xml:12:22-73
18    <uses-permission android:name="android.permission.MOUNT_UNMOUNT_FILESYSTEMS" />
18-->src\main\AndroidManifest.xml:13:5-15:47
18-->src\main\AndroidManifest.xml:14:9-68
19    <uses-permission android:name="android.permission.READ_LOGS" />
19-->src\main\AndroidManifest.xml:16:5-18:47
19-->src\main\AndroidManifest.xml:17:9-52
20    <uses-permission android:name="android.permission.VIBRATE" />
20-->src\main\AndroidManifest.xml:19:5-66
20-->src\main\AndroidManifest.xml:19:22-63
21    <uses-permission android:name="android.permission.WRITE_EXTERNAL_STORAGE" />
21-->src\main\AndroidManifest.xml:20:5-81
21-->src\main\AndroidManifest.xml:20:22-78
22    <uses-permission android:name="android.permission.WRITE_SETTINGS" />
22-->src\main\AndroidManifest.xml:21:5-23:47
22-->src\main\AndroidManifest.xml:22:9-57
23    <uses-permission android:name="android.permission.WAKE_LOCK" />
23-->src\main\AndroidManifest.xml:24:5-68
23-->src\main\AndroidManifest.xml:24:22-65
24    <uses-permission android:name="android.permission.GET_TASKS" />
24-->src\main\AndroidManifest.xml:25:5-68
24-->src\main\AndroidManifest.xml:25:22-65
25    <uses-permission android:name="android.permission.CAMERA" />
25-->src\main\AndroidManifest.xml:26:5-65
25-->src\main\AndroidManifest.xml:26:22-62
26    <uses-permission android:name="android.permission.ACCESS_COARSE_LOCATION" />
26-->src\main\AndroidManifest.xml:27:5-81
26-->src\main\AndroidManifest.xml:27:22-78
27    <uses-permission android:name="android.permission.ACCESS_FINE_LOCATION" />
27-->src\main\AndroidManifest.xml:28:5-79
27-->src\main\AndroidManifest.xml:28:22-76
28    <uses-permission android:name="android.permission.INTERNET" />
28-->src\main\AndroidManifest.xml:8:5-67
28-->src\main\AndroidManifest.xml:8:22-64
29    <uses-permission android:name="android.permission.ACCESS_NETWORK_STATE" />
29-->src\main\AndroidManifest.xml:7:5-79
29-->src\main\AndroidManifest.xml:7:22-76
30    <uses-permission android:name="android.permission.ACCESS_WIFI_STATE" />
30-->src\main\AndroidManifest.xml:11:5-76
30-->src\main\AndroidManifest.xml:11:22-73
31    <uses-permission android:name="android.permission.MOUNT_UNMOUNT_FILESYSTEMS" />
31-->src\main\AndroidManifest.xml:13:5-15:47
31-->src\main\AndroidManifest.xml:14:9-68
32    <uses-permission android:name="android.permission.RECORD_AUDIO" />
32-->src\main\AndroidManifest.xml:34:5-71
32-->src\main\AndroidManifest.xml:34:22-68
33
34    <application
34-->src\main\AndroidManifest.xml:36:5-97:19
35        android:name="com.lanling.util.MyApplication"
35-->src\main\AndroidManifest.xml:37:9-54
36        android:allowBackup="true"
36-->src\main\AndroidManifest.xml:38:9-35
37        android:appComponentFactory="androidx.core.app.CoreComponentFactory"
37-->[androidx.core:core:1.1.0] AndroidManifest.xml:24:18-86
38        android:debuggable="true"
39        android:icon="@mipmap/app_icon"
39-->src\main\AndroidManifest.xml:39:9-40
40        android:label="@string/app_name"
40-->src\main\AndroidManifest.xml:40:9-41
41        android:supportsRtl="true"
41-->src\main\AndroidManifest.xml:41:9-35
42        android:theme="@style/AppTheme.NoActionBar"
42-->src\main\AndroidManifest.xml:42:9-52
43        android:usesCleartextTraffic="true" >
43-->src\main\AndroidManifest.xml:43:9-44
44        <activity
44-->src\main\AndroidManifest.xml:44:9-46:47
45            android:name="com.lanling.activity.MoreActivity"
45-->src\main\AndroidManifest.xml:45:13-41
46            android:launchMode="singleTask" /> <!-- QQ第三方登录 -->
46-->src\main\AndroidManifest.xml:46:13-44
47        <activity
47-->src\main\AndroidManifest.xml:47:9-58:20
48            android:name="com.tencent.tauth.AuthActivity"
48-->src\main\AndroidManifest.xml:48:13-58
49            android:launchMode="singleTask"
49-->src\main\AndroidManifest.xml:49:13-44
50            android:noHistory="true" >
50-->src\main\AndroidManifest.xml:50:13-37
51            <intent-filter>
51-->src\main\AndroidManifest.xml:51:13-57:29
52                <action android:name="android.intent.action.VIEW" />
52-->src\main\AndroidManifest.xml:52:17-69
52-->src\main\AndroidManifest.xml:52:25-66
53
54                <category android:name="android.intent.category.DEFAULT" />
54-->src\main\AndroidManifest.xml:53:17-76
54-->src\main\AndroidManifest.xml:53:27-73
55                <category android:name="android.intent.category.BROWSABLE" />
55-->src\main\AndroidManifest.xml:54:17-78
55-->src\main\AndroidManifest.xml:54:27-75
56
57                <data android:scheme="tencent1109968603" />
57-->src\main\AndroidManifest.xml:56:17-60
57-->src\main\AndroidManifest.xml:56:23-57
58            </intent-filter>
59        </activity>
60        <activity
60-->src\main\AndroidManifest.xml:59:9-63:75
61            android:name="com.tencent.connect.common.AssistActivity"
61-->src\main\AndroidManifest.xml:60:13-69
62            android:configChanges="orientation|keyboardHidden"
62-->src\main\AndroidManifest.xml:61:13-63
63            android:screenOrientation="behind"
63-->src\main\AndroidManifest.xml:62:13-47
64            android:theme="@android:style/Theme.Translucent.NoTitleBar" />
64-->src\main\AndroidManifest.xml:63:13-72
65        <activity android:name="com.lanling.activity.ForgetPasswordActivity" />
65-->src\main\AndroidManifest.xml:64:9-60
65-->src\main\AndroidManifest.xml:64:19-57
66        <activity
66-->src\main\AndroidManifest.xml:65:9-67:47
67            android:name="com.lanling.activity.WebViewActivity"
67-->src\main\AndroidManifest.xml:66:13-44
68            android:launchMode="singleTask" />
68-->src\main\AndroidManifest.xml:67:13-44
69
70        <meta-data
70-->src\main\AndroidManifest.xml:69:9-71:64
71            android:name="com.baidu.lbsapi.API_KEY"
71-->src\main\AndroidManifest.xml:70:13-52
72            android:value="wU53RrKOd8uLlm1hORM0zYcKeXCdthqm" />
72-->src\main\AndroidManifest.xml:71:13-61
73
74        <activity
74-->src\main\AndroidManifest.xml:73:9-75:47
75            android:name="com.lanling.activity.UploadDataActivity"
75-->src\main\AndroidManifest.xml:74:13-47
76            android:launchMode="singleTask" />
76-->src\main\AndroidManifest.xml:75:13-44
77        <activity
77-->src\main\AndroidManifest.xml:76:9-78:47
78            android:name="com.lanling.activity.RegisterActivity"
78-->src\main\AndroidManifest.xml:77:13-45
79            android:launchMode="singleTask" />
79-->src\main\AndroidManifest.xml:78:13-44
80        <activity
80-->src\main\AndroidManifest.xml:79:9-81:47
81            android:name="com.lanling.activity.LoginActivity"
81-->src\main\AndroidManifest.xml:80:13-42
82            android:launchMode="singleTask" />
82-->src\main\AndroidManifest.xml:81:13-44
83        <activity
83-->src\main\AndroidManifest.xml:82:9-84:47
84            android:name="com.lanling.activity.MainActivity"
84-->src\main\AndroidManifest.xml:83:13-41
85            android:launchMode="singleTask" />
85-->src\main\AndroidManifest.xml:84:13-44
86        <activity android:name="com.lanling.activity.WelcomeActivity" >
86-->src\main\AndroidManifest.xml:85:9-91:20
86-->src\main\AndroidManifest.xml:85:19-50
87            <intent-filter>
87-->src\main\AndroidManifest.xml:86:13-90:29
88                <action android:name="android.intent.action.MAIN" />
88-->src\main\AndroidManifest.xml:87:17-69
88-->src\main\AndroidManifest.xml:87:25-66
89
90                <category android:name="android.intent.category.LAUNCHER" />
90-->src\main\AndroidManifest.xml:89:17-77
90-->src\main\AndroidManifest.xml:89:27-74
91            </intent-filter>
92        </activity>
93
94        <service
94-->src\main\AndroidManifest.xml:93:9-96:41
95            android:name="com.baidu.location.f"
95-->src\main\AndroidManifest.xml:94:13-48
96            android:enabled="true"
96-->src\main\AndroidManifest.xml:95:13-35
97            android:process=":remote" />
97-->src\main\AndroidManifest.xml:96:13-38
98    </application>
99
100</manifest>